<?xml version="1.0" encoding="UTF-8"?>
<!-- Generated by org.testng.reporters.JUnitReportReporter -->
<testsuite hostname="DESKTOP-D6JD7RJ" failures="0" tests="1" name="CucumberOptions.TestNGRunner" time="27.910" errors="0" timestamp="2024-02-03T02:36:42 GST" skipped="0">
  <testcase classname="CucumberOptions.TestNGRunner" name="runScenario" time="27.910"/>
</testsuite> <!-- CucumberOptions.TestNGRunner -->
